Using pre-set license
Desktop is 1920 x 1080 @ 60 Hz

 COMMAND LINE ARGUMENTS:
Unity
-adb2
-batchMode
-noUpm
-name
AssetImportWorker0
-projectPath
/home/amit/Unity/BiBox
-logFile
Logs/AssetImportWorker0.log
-srvPort
46747
Successfully changed project path to: /home/amit/Unity/BiBox
/home/amit/Unity/BiBox
Using Asset Import Pipeline V2.
Refreshing native plugins compatible for Editor in 112.47 ms, found 0 plugins.
Preloading 0 native plugins for Editor in 0.00 ms.
Initialize engine version: 2021.1.5f1 (3737af19df53)
[Subsystems] Discovering subsystems at path /home/amit/Unity/2021.1.5f1/Editor/Data/Resources/UnitySubsystems
[Subsystems] Discovering subsystems at path /home/amit/Unity/BiBox/Assets
GLX Extensions: GLX_ARB_create_context GLX_ARB_create_context_no_error GLX_ARB_create_context_profile GLX_ARB_create_context_robustness GLX_ARB_fbconfig_float GLX_ARB_framebuffer_sRGB GLX_ARB_get_proc_address GLX_ARB_multisample GLX_EXT_buffer_age GLX_EXT_create_context_es2_profile GLX_EXT_create_context_es_profile GLX_EXT_fbconfig_packed_float GLX_EXT_framebuffer_sRGB GLX_EXT_import_context GLX_EXT_texture_from_pixmap GLX_EXT_visual_info GLX_EXT_visual_rating GLX_INTEL_swap_event GLX_MESA_copy_sub_buffer GLX_MESA_query_renderer GLX_MESA_swap_control GLX_OML_swap_method GLX_OML_sync_control GLX_SGIS_multisample GLX_SGIX_fbconfig GLX_SGIX_pbuffer GLX_SGIX_visual_select_group GLX_SGI_make_current_read GLX_SGI_swap_control GLX_SGI_video_sync 
Renderer: Mesa Intel(R) UHD Graphics 620 (KBL GT2)
Vendor:   Intel
Version:  4.6 (Core Profile) Mesa 20.2.6
GLES:     0
 GL_3DFX_texture_compression_FXT1 GL_AMD_conservative_depth GL_AMD_depth_clamp_separate GL_AMD_draw_buffers_blend GL_AMD_gpu_shader_int64 GL_AMD_multi_draw_indirect GL_AMD_performance_monitor GL_AMD_pinned_memory GL_AMD_query_buffer_object GL_AMD_seamless_cubemap_per_texture GL_AMD_shader_stencil_export GL_AMD_shader_trinary_minmax GL_AMD_texture_texture4 GL_AMD_vertex_shader_layer GL_AMD_vertex_shader_viewport_index GL_ANGLE_texture_compression_dxt3 GL_ANGLE_texture_compression_dxt5 GL_ARB_ES2_compatibility GL_ARB_ES3_1_compatibility GL_ARB_ES3_2_compatibility GL_ARB_ES3_compatibility GL_ARB_arrays_of_arrays GL_ARB_base_instance GL_ARB_blend_func_extended GL_ARB_buffer_storage GL_ARB_clear_buffer_object GL_ARB_clear_texture GL_ARB_clip_control GL_ARB_compressed_texture_pixel_storage GL_ARB_compute_shader GL_ARB_compute_variable_group_size GL_ARB_conditional_render_inverted GL_ARB_conservative_depth GL_ARB_copy_buffer GL_ARB_copy_image GL_ARB_cull_distance GL_ARB_debug_output GL_ARB_depth_buffer_float GL_ARB
_depth_clamp GL_ARB_derivative_control GL_ARB_direct_state_access GL_ARB_draw_buffers GL_ARB_draw_buffers_blend GL_ARB_draw_elements_base_vertex GL_ARB_draw_indirect GL_ARB_draw_instanced GL_ARB_enhanced_layouts GL_ARB_explicit_attrib_location GL_ARB_explicit_uniform_location GL_ARB_fragment_coord_conventions GL_ARB_fragment_layer_viewport GL_ARB_fragment_shader GL_ARB_fragment_shader_interlock GL_ARB_framebuffer_no_attachments GL_ARB_framebuffer_object GL_ARB_framebuffer_sRGB GL_ARB_get_program_binary GL_ARB_get_texture_sub_image GL_ARB_gl_spirv GL_ARB_gpu_shader5 GL_ARB_gpu_shader_fp64 GL_ARB_gpu_shader_int64 GL_ARB_half_float_pixel GL_ARB_half_float_vertex GL_ARB_indirect_parameters GL_ARB_instanced_arrays GL_ARB_internalformat_query GL_ARB_internalformat_query2 GL_ARB_invalidate_subdata GL_ARB_map_buffer_alignment GL_ARB_map_buffer_range GL_ARB_multi_bind GL_ARB_multi_draw_indirect GL_ARB_occlusion_query2 GL_ARB_parallel_shader_compile GL_ARB_pipeline_statistics_query GL_ARB_pixel_buffer_object GL_ARB_po
int_sprite GL_ARB_polygon_offset_clamp GL_ARB_post_depth_coverage GL_ARB_program_interface_query GL_ARB_provoking_vertex GL_ARB_query_buffer_object GL_ARB_robust_buffer_access_behavior GL_ARB_robustness GL_ARB_sample_shading GL_ARB_sampler_objects GL_ARB_seamless_cube_map GL_ARB_seamless_cubemap_per_texture GL_ARB_separate_shader_objects GL_ARB_shader_atomic_counter_ops GL_ARB_shader_atomic_counters GL_ARB_shader_ballot GL_ARB_shader_bit_encoding GL_ARB_shader_clock GL_ARB_shader_draw_parameters GL_ARB_shader_group_vote GL_ARB_shader_image_load_store GL_ARB_shader_image_size GL_ARB_shader_objects GL_ARB_shader_precision GL_ARB_shader_stencil_export GL_ARB_shader_storage_buffer_object GL_ARB_shader_subroutine GL_ARB_shader_texture_image_samples GL_ARB_shader_texture_lod GL_ARB_shader_viewport_layer_array GL_ARB_shading_language_420pack GL_ARB_shading_language_include GL_ARB_shading_language_packing GL_ARB_spirv_extensions GL_ARB_stencil_texturing GL_ARB_sync GL_ARB_tessellation_shader GL_ARB_texture_barrier G
L_ARB_texture_buffer_object GL_ARB_texture_buffer_object_rgb32 GL_ARB_texture_buffer_range GL_ARB_texture_compression_bptc GL_ARB_texture_compression_rgtc GL_ARB_texture_cube_map_array GL_ARB_texture_filter_anisotropic GL_ARB_texture_float GL_ARB_texture_gather GL_ARB_texture_mirror_clamp_to_edge GL_ARB_texture_multisample GL_ARB_texture_non_power_of_two GL_ARB_texture_query_levels GL_ARB_texture_query_lod GL_ARB_texture_rectangle GL_ARB_texture_rg GL_ARB_texture_rgb10_a2ui GL_ARB_texture_stencil8 GL_ARB_texture_storage GL_ARB_texture_storage_multisample GL_ARB_texture_swizzle GL_ARB_texture_view GL_ARB_timer_query GL_ARB_transform_feedback2 GL_ARB_transform_feedback3 GL_ARB_transform_feedback_instanced GL_ARB_transform_feedback_overflow_query GL_ARB_uniform_buffer_object GL_ARB_vertex_array_bgra GL_ARB_vertex_array_object GL_ARB_vertex_attrib_64bit GL_ARB_vertex_attrib_binding GL_ARB_vertex_buffer_object GL_ARB_vertex_shader GL_ARB_vertex_type_10f_11f_11f_rev GL_ARB_vertex_type_2_10_10_10_rev GL_ARB_viewpor
t_array GL_ATI_blend_equation_separate GL_ATI_texture_float GL_EXT_EGL_image_storage GL_EXT_EGL_sync GL_EXT_abgr GL_EXT_blend_equation_separate GL_EXT_demote_to_helper_invocation GL_EXT_draw_buffers2 GL_EXT_draw_instanced GL_EXT_framebuffer_blit GL_EXT_framebuffer_multisample GL_EXT_framebuffer_multisample_blit_scaled GL_EXT_framebuffer_object GL_EXT_framebuffer_sRGB GL_EXT_packed_depth_stencil GL_EXT_packed_float GL_EXT_pixel_buffer_object GL_EXT_polygon_offset_clamp GL_EXT_provoking_vertex GL_EXT_shader_framebuffer_fetch GL_EXT_shader_framebuffer_fetch_non_coherent GL_EXT_shader_integer_mix GL_EXT_shader_samples_identical GL_EXT_texture_array GL_EXT_texture_compression_dxt1 GL_EXT_texture_compression_rgtc GL_EXT_texture_compression_s3tc GL_EXT_texture_filter_anisotropic GL_EXT_texture_integer GL_EXT_texture_sRGB GL_EXT_texture_sRGB_R8 GL_EXT_texture_sRGB_decode GL_EXT_texture_shadow_lod GL_EXT_texture_shared_exponent GL_EXT_texture_snorm GL_EXT_texture_swizzle GL_EXT_timer_query GL_EXT_transform_feedback G
L_EXT_vertex_array_bgra GL_EXT_vertex_attrib_64bit GL_IBM_multimode_draw_arrays GL_INTEL_blackhole_render GL_INTEL_conservative_rasterization GL_INTEL_performance_query GL_INTEL_shader_atomic_float_minmax GL_INTEL_shader_integer_functions2 GL_KHR_blend_equation_advanced GL_KHR_blend_equation_advanced_coherent GL_KHR_context_flush_control GL_KHR_debug GL_KHR_no_error GL_KHR_parallel_shader_compile GL_KHR_robust_buffer_access_behavior GL_KHR_robustness GL_KHR_texture_compression_astc_ldr GL_KHR_texture_compression_astc_sliced_3d GL_MESA_framebuffer_flip_y GL_MESA_pack_invert GL_MESA_shader_integer_functions GL_MESA_texture_signed_rgba GL_NV_compute_shader_derivatives GL_NV_conditional_render GL_NV_copy_image GL_NV_depth_clamp GL_NV_fragment_shader_interlock GL_NV_packed_depth_stencil GL_NV_texture_barrier GL_OES_EGL_image GL_S3_s3tc
OPENGL LOG: Creating OpenGL 4.6 graphics device ; Context level  <OpenGL 4.5> ; Context handle -255509136
Initialize mono
Mono path[0] = '/home/amit/Unity/2021.1.5f1/Editor/Data/Managed'
Mono path[1] = '/home/amit/Unity/2021.1.5f1/Editor/Data/MonoBleedingEdge/lib/mono/unityjit'
Mono config path = '/home/amit/Unity/2021.1.5f1/Editor/Data/MonoBleedingEdge/etc'
Using monoOptions --debugger-agent=transport=dt_socket,embedding=1,server=y,suspend=n,address=127.0.0.1:56072
Begin MonoManager ReloadAssembly
Registering precompiled unity dll's ...
Register platform support module: /home/amit/Unity/2021.1.5f1/Editor/Data/PlaybackEngines/LinuxStandaloneSupport/UnityEditor.LinuxStandalone.Extensions.dll
Registered in 0.001470 seconds.
Native extension for LinuxStandalone target not found
Refreshing native plugins compatible for Editor in 180.45 ms, found 0 plugins.
Preloading 0 native plugins for Editor in 0.00 ms.
Mono: successfully reloaded assembly
- Completed reload, in  2.653 seconds
Platform modules already initialized, skipping
Registering precompiled user dll's ...
Registered in 0.005524 seconds.
Begin MonoManager ReloadAssembly
Native extension for LinuxStandalone target not found
Refreshing native plugins compatible for Editor in 0.74 ms, found 0 plugins.
Preloading 0 native plugins for Editor in 0.00 ms.
Mono: successfully reloaded assembly
- Completed reload, in  1.367 seconds
Platform modules already initialized, skipping
========================================================================
Worker process is ready to serve import requests
Launched and connected shader compiler UnityShaderCompiler after 0.04 seconds
Refreshing native plugins compatible for Editor in 0.70 ms, found 0 plugins.
Preloading 0 native plugins for Editor in 0.00 ms.
Unloading 3073 Unused Serialized files (Serialized files now loaded: 0)
System memory in use before: 127.0 MB.
System memory in use after: 127.2 MB.

Unloading 17 unused Assets to reduce memory usage. Loaded Objects now: 3552.
Total: 4.645051 ms (FindLiveObjects: 0.727450 ms CreateObjectMapping: 0.306473 ms MarkObjects: 3.404176 ms  DeleteObjects: 0.205377 ms)

========================================================================
Received Import Request.
  path: Assets/Scripts/SwipeScript.cs
  artifactKey: Guid(a47a1841e7a025ae8a8e882190878050) Importer(815301076,1909f56bfc062723c751e8b465ee728b)
Start importing Assets/Scripts/SwipeScript.cs using Guid(a47a1841e7a025ae8a8e882190878050) Importer(815301076,1909f56bfc062723c751e8b465ee728b)  -> (artifact id: '010929ebd5e486d849b36e614834e044') in 0.005241 seconds 
========================================================================
Received Import Request.
  Time since last request: 162.716771 seconds.
  path: Assets/Scripts/SwipeScript.cs
  artifactKey: Guid(a47a1841e7a025ae8a8e882190878050) Importer(815301076,1909f56bfc062723c751e8b465ee728b)
Start importing Assets/Scripts/SwipeScript.cs using Guid(a47a1841e7a025ae8a8e882190878050) Importer(815301076,1909f56bfc062723c751e8b465ee728b)  -> (artifact id: 'f7234f883d5c0ba576f9370803a477bb') in 0.001112 seconds 
========================================================================
Received Prepare
Registering precompiled user dll's ...
Registered in 0.667674 seconds.
Begin MonoManager ReloadAssembly
Native extension for LinuxStandalone target not found
Refreshing native plugins compatible for Editor in 0.68 ms, found 0 plugins.
Preloading 0 native plugins for Editor in 0.00 ms.
Mono: successfully reloaded assembly
- Completed reload, in  1.897 seconds
Platform modules already initialized, skipping
Switching build target platform(24) subTarget(0) extendedPlatform(0) -> platform(13) subTarget(589824) extendedPlatform(0)
Refreshing native plugins compatible for Editor in 1.14 ms, found 0 plugins.
Preloading 0 native plugins for Editor in 0.00 ms.
Unloading 3053 Unused Serialized files (Serialized files now loaded: 0)
System memory in use before: 125.1 MB.
System memory in use after: 125.3 MB.

Unloading 12 unused Assets to reduce memory usage. Loaded Objects now: 3556.
Total: 5.937002 ms (FindLiveObjects: 0.544994 ms CreateObjectMapping: 0.316024 ms MarkObjects: 4.966650 ms  DeleteObjects: 0.106720 ms)

AssetImportParameters requested are different than current active one (requested -> active):
  custom:graphics/normal-map-encoding: 01000000000000000000000000000000 -> 02000000000000000000000000000000
========================================================================
Received Import Request.
  Time since last request: 168.596637 seconds.
  path: Assets/Scripts/SwipeScript.cs
  artifactKey: Guid(a47a1841e7a025ae8a8e882190878050) Importer(815301076,1909f56bfc062723c751e8b465ee728b)
Start importing Assets/Scripts/SwipeScript.cs using Guid(a47a1841e7a025ae8a8e882190878050) Importer(815301076,1909f56bfc062723c751e8b465ee728b)  -> (artifact id: '4dfecf61f1be1736fc3d44bfb63bef77') in 0.006081 seconds 
========================================================================
Received Prepare
Registering precompiled user dll's ...
Registered in 0.002865 seconds.
Begin MonoManager ReloadAssembly
Native extension for LinuxStandalone target not found
Refreshing native plugins compatible for Editor in 0.69 ms, found 0 plugins.
Preloading 0 native plugins for Editor in 0.00 ms.
Mono: successfully reloaded assembly
- Completed reload, in  1.056 seconds
Platform modules already initialized, skipping
Switching build target platform(24) subTarget(0) extendedPlatform(0) -> platform(13) subTarget(589824) extendedPlatform(0)
Refreshing native plugins compatible for Editor in 0.67 ms, found 0 plugins.
Preloading 0 native plugins for Editor in 0.00 ms.
Unloading 3053 Unused Serialized files (Serialized files now loaded: 0)
System memory in use before: 125.2 MB.
System memory in use after: 125.4 MB.

Unloading 12 unused Assets to reduce memory usage. Loaded Objects now: 3560.
Total: 4.462369 ms (FindLiveObjects: 0.437743 ms CreateObjectMapping: 0.253369 ms MarkObjects: 3.684545 ms  DeleteObjects: 0.085065 ms)

AssetImportParameters requested are different than current active one (requested -> active):
  custom:graphics/normal-map-encoding: 01000000000000000000000000000000 -> 02000000000000000000000000000000
========================================================================
Received Prepare
Registering precompiled user dll's ...
Registered in 0.002913 seconds.
Begin MonoManager ReloadAssembly
Native extension for LinuxStandalone target not found
Refreshing native plugins compatible for Editor in 0.67 ms, found 0 plugins.
Preloading 0 native plugins for Editor in 0.00 ms.
Mono: successfully reloaded assembly
- Completed reload, in  1.064 seconds
Platform modules already initialized, skipping
Switching build target platform(24) subTarget(0) extendedPlatform(0) -> platform(13) subTarget(589824) extendedPlatform(0)
Refreshing native plugins compatible for Editor in 1.03 ms, found 0 plugins.
Preloading 0 native plugins for Editor in 0.00 ms.
Unloading 3053 Unused Serialized files (Serialized files now loaded: 0)
System memory in use before: 125.2 MB.
System memory in use after: 125.4 MB.

Unloading 12 unused Assets to reduce memory usage. Loaded Objects now: 3564.
Total: 4.070759 ms (FindLiveObjects: 0.468877 ms CreateObjectMapping: 0.231534 ms MarkObjects: 3.295932 ms  DeleteObjects: 0.072778 ms)

AssetImportParameters requested are different than current active one (requested -> active):
  custom:graphics/normal-map-encoding: 01000000000000000000000000000000 -> 02000000000000000000000000000000
========================================================================
Received Prepare
Registering precompiled user dll's ...
Registered in 0.003353 seconds.
Begin MonoManager ReloadAssembly
Native extension for LinuxStandalone target not found
Refreshing native plugins compatible for Editor in 0.66 ms, found 0 plugins.
Preloading 0 native plugins for Editor in 0.00 ms.
Mono: successfully reloaded assembly
- Completed reload, in  1.324 seconds
Platform modules already initialized, skipping
Switching build target platform(24) subTarget(0) extendedPlatform(0) -> platform(13) subTarget(589824) extendedPlatform(0)
Refreshing native plugins compatible for Editor in 1.07 ms, found 0 plugins.
Preloading 0 native plugins for Editor in 0.00 ms.
Unloading 3053 Unused Serialized files (Serialized files now loaded: 0)
System memory in use before: 125.2 MB.
System memory in use after: 125.4 MB.

Unloading 12 unused Assets to reduce memory usage. Loaded Objects now: 3568.
Total: 4.231228 ms (FindLiveObjects: 0.438240 ms CreateObjectMapping: 0.241885 ms MarkObjects: 3.479194 ms  DeleteObjects: 0.070228 ms)

AssetImportParameters requested are different than current active one (requested -> active):
  custom:graphics/normal-map-encoding: 01000000000000000000000000000000 -> 02000000000000000000000000000000
========================================================================
Received Prepare
Registering precompiled user dll's ...
Registered in 0.003130 seconds.
Begin MonoManager ReloadAssembly
Native extension for LinuxStandalone target not found
Refreshing native plugins compatible for Editor in 0.66 ms, found 0 plugins.
Preloading 0 native plugins for Editor in 0.00 ms.
Mono: successfully reloaded assembly
- Completed reload, in  1.084 seconds
Platform modules already initialized, skipping
Switching build target platform(24) subTarget(0) extendedPlatform(0) -> platform(13) subTarget(589824) extendedPlatform(0)
Refreshing native plugins compatible for Editor in 0.69 ms, found 0 plugins.
Preloading 0 native plugins for Editor in 0.00 ms.
Unloading 3053 Unused Serialized files (Serialized files now loaded: 0)
System memory in use before: 125.2 MB.
System memory in use after: 125.4 MB.

Unloading 12 unused Assets to reduce memory usage. Loaded Objects now: 3572.
Total: 6.805094 ms (FindLiveObjects: 0.472784 ms CreateObjectMapping: 0.260559 ms MarkObjects: 6.001939 ms  DeleteObjects: 0.068111 ms)

AssetImportParameters requested are different than current active one (requested -> active):
  custom:graphics/normal-map-encoding: 01000000000000000000000000000000 -> 02000000000000000000000000000000
========================================================================
Received Prepare
Registering precompiled user dll's ...
Registered in 0.002808 seconds.
Begin MonoManager ReloadAssembly
Native extension for LinuxStandalone target not found
Refreshing native plugins compatible for Editor in 0.64 ms, found 0 plugins.
Preloading 0 native plugins for Editor in 0.00 ms.
Mono: successfully reloaded assembly
- Completed reload, in  1.111 seconds
Platform modules already initialized, skipping
Switching build target platform(24) subTarget(0) extendedPlatform(0) -> platform(13) subTarget(589824) extendedPlatform(0)
Refreshing native plugins compatible for Editor in 0.65 ms, found 0 plugins.
Preloading 0 native plugins for Editor in 0.00 ms.
Unloading 3053 Unused Serialized files (Serialized files now loaded: 0)
System memory in use before: 125.2 MB.
System memory in use after: 125.4 MB.

Unloading 12 unused Assets to reduce memory usage. Loaded Objects now: 3576.
Total: 3.576258 ms (FindLiveObjects: 0.358541 ms CreateObjectMapping: 0.186859 ms MarkObjects: 2.962557 ms  DeleteObjects: 0.066446 ms)

AssetImportParameters requested are different than current active one (requested -> active):
  custom:graphics/normal-map-encoding: 01000000000000000000000000000000 -> 02000000000000000000000000000000
========================================================================
Received Prepare
Registering precompiled user dll's ...
Registered in 0.004010 seconds.
Begin MonoManager ReloadAssembly
Native extension for LinuxStandalone target not found
Refreshing native plugins compatible for Editor in 0.67 ms, found 0 plugins.
Preloading 0 native plugins for Editor in 0.00 ms.
Mono: successfully reloaded assembly
- Completed reload, in  1.145 seconds
Platform modules already initialized, skipping
Switching build target platform(24) subTarget(0) extendedPlatform(0) -> platform(13) subTarget(589824) extendedPlatform(0)
Refreshing native plugins compatible for Editor in 0.69 ms, found 0 plugins.
Preloading 0 native plugins for Editor in 0.00 ms.
Unloading 3053 Unused Serialized files (Serialized files now loaded: 0)
System memory in use before: 125.3 MB.
System memory in use after: 125.5 MB.

Unloading 12 unused Assets to reduce memory usage. Loaded Objects now: 3580.
Total: 3.932268 ms (FindLiveObjects: 0.402050 ms CreateObjectMapping: 0.194202 ms MarkObjects: 3.137756 ms  DeleteObjects: 0.196618 ms)

AssetImportParameters requested are different than current active one (requested -> active):
  custom:graphics/normal-map-encoding: 01000000000000000000000000000000 -> 02000000000000000000000000000000
========================================================================
Received Prepare
Registering precompiled user dll's ...
Registered in 0.051163 seconds.
Begin MonoManager ReloadAssembly
Native extension for LinuxStandalone target not found
Refreshing native plugins compatible for Editor in 0.75 ms, found 0 plugins.
Preloading 0 native plugins for Editor in 0.00 ms.
Mono: successfully reloaded assembly
- Completed reload, in  1.819 seconds
Platform modules already initialized, skipping
Switching build target platform(24) subTarget(0) extendedPlatform(0) -> platform(13) subTarget(589824) extendedPlatform(0)
Refreshing native plugins compatible for Editor in 1.30 ms, found 0 plugins.
Preloading 0 native plugins for Editor in 0.00 ms.
Unloading 3053 Unused Serialized files (Serialized files now loaded: 0)
System memory in use before: 125.3 MB.
System memory in use after: 125.5 MB.

Unloading 12 unused Assets to reduce memory usage. Loaded Objects now: 3584.
Total: 8.898167 ms (FindLiveObjects: 2.035951 ms CreateObjectMapping: 0.680959 ms MarkObjects: 6.070056 ms  DeleteObjects: 0.107332 ms)

AssetImportParameters requested are different than current active one (requested -> active):
  custom:graphics/normal-map-encoding: 01000000000000000000000000000000 -> 02000000000000000000000000000000
========================================================================
Received Prepare
Registering precompiled user dll's ...
Registered in 0.007138 seconds.
Begin MonoManager ReloadAssembly
Native extension for LinuxStandalone target not found
Refreshing native plugins compatible for Editor in 0.73 ms, found 0 plugins.
Preloading 0 native plugins for Editor in 0.00 ms.
Mono: successfully reloaded assembly
- Completed reload, in  2.295 seconds
Platform modules already initialized, skipping
Switching build target platform(24) subTarget(0) extendedPlatform(0) -> platform(13) subTarget(589824) extendedPlatform(0)
Refreshing native plugins compatible for Editor in 0.73 ms, found 0 plugins.
Preloading 0 native plugins for Editor in 0.00 ms.
Unloading 3053 Unused Serialized files (Serialized files now loaded: 0)
System memory in use before: 125.3 MB.
System memory in use after: 125.5 MB.

Unloading 12 unused Assets to reduce memory usage. Loaded Objects now: 3588.
Total: 5.029249 ms (FindLiveObjects: 0.483463 ms CreateObjectMapping: 0.274028 ms MarkObjects: 4.084891 ms  DeleteObjects: 0.182515 ms)

AssetImportParameters requested are different than current active one (requested -> active):
  custom:graphics/normal-map-encoding: 01000000000000000000000000000000 -> 02000000000000000000000000000000
========================================================================
Received Prepare
Registering precompiled user dll's ...
Registered in 0.003263 seconds.
Begin MonoManager ReloadAssembly
Native extension for LinuxStandalone target not found
Refreshing native plugins compatible for Editor in 1.03 ms, found 0 plugins.
Preloading 0 native plugins for Editor in 0.00 ms.
Mono: successfully reloaded assembly
- Completed reload, in  1.537 seconds
Platform modules already initialized, skipping
Switching build target platform(24) subTarget(0) extendedPlatform(0) -> platform(13) subTarget(589824) extendedPlatform(0)
Refreshing native plugins compatible for Editor in 0.72 ms, found 0 plugins.
Preloading 0 native plugins for Editor in 0.00 ms.
Unloading 3053 Unused Serialized files (Serialized files now loaded: 0)
System memory in use before: 125.3 MB.
System memory in use after: 125.5 MB.

Unloading 12 unused Assets to reduce memory usage. Loaded Objects now: 3592.
Total: 5.015086 ms (FindLiveObjects: 0.417761 ms CreateObjectMapping: 0.236827 ms MarkObjects: 4.252887 ms  DeleteObjects: 0.104134 ms)

AssetImportParameters requested are different than current active one (requested -> active):
  custom:graphics/normal-map-encoding: 01000000000000000000000000000000 -> 02000000000000000000000000000000
========================================================================
Received Prepare
Registering precompiled user dll's ...
Registered in 0.005827 seconds.
Begin MonoManager ReloadAssembly
Native extension for LinuxStandalone target not found
Refreshing native plugins compatible for Editor in 0.65 ms, found 0 plugins.
Preloading 0 native plugins for Editor in 0.00 ms.
Mono: successfully reloaded assembly
- Completed reload, in  1.595 seconds
Platform modules already initialized, skipping
Switching build target platform(24) subTarget(0) extendedPlatform(0) -> platform(13) subTarget(589824) extendedPlatform(0)
Refreshing native plugins compatible for Editor in 1.31 ms, found 0 plugins.
Preloading 0 native plugins for Editor in 0.00 ms.
Unloading 3053 Unused Serialized files (Serialized files now loaded: 0)
System memory in use before: 125.3 MB.
System memory in use after: 125.5 MB.

Unloading 12 unused Assets to reduce memory usage. Loaded Objects now: 3596.
Total: 7.274481 ms (FindLiveObjects: 1.036597 ms CreateObjectMapping: 0.519392 ms MarkObjects: 5.624435 ms  DeleteObjects: 0.090918 ms)

AssetImportParameters requested are different than current active one (requested -> active):
  custom:graphics/normal-map-encoding: 01000000000000000000000000000000 -> 02000000000000000000000000000000
========================================================================
Received Prepare
Registering precompiled user dll's ...
Registered in 0.005285 seconds.
Begin MonoManager ReloadAssembly
Native extension for LinuxStandalone target not found
Refreshing native plugins compatible for Editor in 0.83 ms, found 0 plugins.
Preloading 0 native plugins for Editor in 0.00 ms.
Mono: successfully reloaded assembly
- Completed reload, in  1.628 seconds
Platform modules already initialized, skipping
Switching build target platform(24) subTarget(0) extendedPlatform(0) -> platform(13) subTarget(589824) extendedPlatform(0)
Refreshing native plugins compatible for Editor in 0.64 ms, found 0 plugins.
Preloading 0 native plugins for Editor in 0.00 ms.
Unloading 3053 Unused Serialized files (Serialized files now loaded: 0)
System memory in use before: 125.3 MB.
System memory in use after: 125.5 MB.

Unloading 12 unused Assets to reduce memory usage. Loaded Objects now: 3600.
Total: 5.547045 ms (FindLiveObjects: 0.582628 ms CreateObjectMapping: 0.331103 ms MarkObjects: 4.537648 ms  DeleteObjects: 0.093440 ms)

AssetImportParameters requested are different than current active one (requested -> active):
  custom:graphics/normal-map-encoding: 01000000000000000000000000000000 -> 02000000000000000000000000000000
========================================================================
Received Prepare
Registering precompiled user dll's ...
Registered in 0.028122 seconds.
Begin MonoManager ReloadAssembly
Native extension for LinuxStandalone target not found
Refreshing native plugins compatible for Editor in 0.75 ms, found 0 plugins.
Preloading 0 native plugins for Editor in 0.00 ms.
Mono: successfully reloaded assembly
- Completed reload, in  1.740 seconds
Platform modules already initialized, skipping
Switching build target platform(24) subTarget(0) extendedPlatform(0) -> platform(13) subTarget(589824) extendedPlatform(0)
Refreshing native plugins compatible for Editor in 4.11 ms, found 0 plugins.
Preloading 0 native plugins for Editor in 0.00 ms.
Unloading 3053 Unused Serialized files (Serialized files now loaded: 0)
System memory in use before: 125.3 MB.
System memory in use after: 125.5 MB.

Unloading 12 unused Assets to reduce memory usage. Loaded Objects now: 3604.
Total: 7.358672 ms (FindLiveObjects: 0.504682 ms CreateObjectMapping: 0.352753 ms MarkObjects: 6.143446 ms  DeleteObjects: 0.348951 ms)

AssetImportParameters requested are different than current active one (requested -> active):
  custom:graphics/normal-map-encoding: 01000000000000000000000000000000 -> 02000000000000000000000000000000
========================================================================
Received Prepare
Registering precompiled user dll's ...
Registered in 0.003786 seconds.
Begin MonoManager ReloadAssembly
Native extension for LinuxStandalone target not found
Refreshing native plugins compatible for Editor in 0.82 ms, found 0 plugins.
Preloading 0 native plugins for Editor in 0.00 ms.
Mono: successfully reloaded assembly
- Completed reload, in  1.758 seconds
Platform modules already initialized, skipping
Switching build target platform(24) subTarget(0) extendedPlatform(0) -> platform(13) subTarget(589824) extendedPlatform(0)
Refreshing native plugins compatible for Editor in 1.19 ms, found 0 plugins.
Preloading 0 native plugins for Editor in 0.00 ms.
Unloading 3053 Unused Serialized files (Serialized files now loaded: 0)
System memory in use before: 125.3 MB.
System memory in use after: 125.5 MB.

Unloading 12 unused Assets to reduce memory usage. Loaded Objects now: 3608.
Total: 5.809935 ms (FindLiveObjects: 0.707711 ms CreateObjectMapping: 0.495102 ms MarkObjects: 4.522775 ms  DeleteObjects: 0.082302 ms)

AssetImportParameters requested are different than current active one (requested -> active):
  custom:graphics/normal-map-encoding: 01000000000000000000000000000000 -> 02000000000000000000000000000000
========================================================================
Received Prepare
Registering precompiled user dll's ...
Registered in 0.003175 seconds.
Begin MonoManager ReloadAssembly
Native extension for LinuxStandalone target not found
Refreshing native plugins compatible for Editor in 0.82 ms, found 0 plugins.
Preloading 0 native plugins for Editor in 0.00 ms.
Mono: successfully reloaded assembly
- Completed reload, in  1.794 seconds
Platform modules already initialized, skipping
Switching build target platform(24) subTarget(0) extendedPlatform(0) -> platform(13) subTarget(589824) extendedPlatform(0)
Refreshing native plugins compatible for Editor in 1.68 ms, found 0 plugins.
Preloading 0 native plugins for Editor in 0.00 ms.
Unloading 3053 Unused Serialized files (Serialized files now loaded: 0)
System memory in use before: 125.3 MB.
System memory in use after: 125.5 MB.

Unloading 12 unused Assets to reduce memory usage. Loaded Objects now: 3612.
Total: 6.423754 ms (FindLiveObjects: 0.823678 ms CreateObjectMapping: 0.326199 ms MarkObjects: 5.182682 ms  DeleteObjects: 0.088998 ms)

AssetImportParameters requested are different than current active one (requested -> active):
  custom:graphics/normal-map-encoding: 01000000000000000000000000000000 -> 02000000000000000000000000000000
========================================================================
Received Prepare
Registering precompiled user dll's ...
Registered in 0.010087 seconds.
Begin MonoManager ReloadAssembly
Native extension for LinuxStandalone target not found
Refreshing native plugins compatible for Editor in 1.58 ms, found 0 plugins.
Preloading 0 native plugins for Editor in 0.00 ms.
Mono: successfully reloaded assembly
- Completed reload, in  2.030 seconds
Platform modules already initialized, skipping
Switching build target platform(24) subTarget(0) extendedPlatform(0) -> platform(13) subTarget(589824) extendedPlatform(0)
Refreshing native plugins compatible for Editor in 1.36 ms, found 0 plugins.
Preloading 0 native plugins for Editor in 0.00 ms.
Unloading 3053 Unused Serialized files (Serialized files now loaded: 0)
System memory in use before: 125.3 MB.
System memory in use after: 125.5 MB.

Unloading 12 unused Assets to reduce memory usage. Loaded Objects now: 3616.
Total: 13.259154 ms (FindLiveObjects: 0.971958 ms CreateObjectMapping: 1.633409 ms MarkObjects: 10.538916 ms  DeleteObjects: 0.110116 ms)

AssetImportParameters requested are different than current active one (requested -> active):
  custom:graphics/normal-map-encoding: 01000000000000000000000000000000 -> 02000000000000000000000000000000
========================================================================
Received Import Request.
  Time since last request: 4402.596694 seconds.
  path: Assets/ARFreeThrow/ARFreeThrow.unity
  artifactKey: Guid(e6ba9539513ac453aa43f1c6a61078a1) Importer(815301076,1909f56bfc062723c751e8b465ee728b)
Start importing Assets/ARFreeThrow/ARFreeThrow.unity using Guid(e6ba9539513ac453aa43f1c6a61078a1) Importer(815301076,1909f56bfc062723c751e8b465ee728b)  -> (artifact id: 'a1773440b8a1fd782db78bcf9f0a4d96') in 0.185982 seconds 
========================================================================
Received Import Request.
  Time since last request: 55.172534 seconds.
  path: Assets/Scenes/GameScene.unity
  artifactKey: Guid(9fc0d4010bbf28b4594072e72b8655ab) Importer(815301076,1909f56bfc062723c751e8b465ee728b)
Start importing Assets/Scenes/GameScene.unity using Guid(9fc0d4010bbf28b4594072e72b8655ab) Importer(815301076,1909f56bfc062723c751e8b465ee728b)  -> (artifact id: 'd983eae443b71acb6a69eabff644e9c5') in 0.008907 seconds 
========================================================================
Received Prepare
Registering precompiled user dll's ...
Registered in 0.007551 seconds.
Begin MonoManager ReloadAssembly
Native extension for LinuxStandalone target not found
Refreshing native plugins compatible for Editor in 1.03 ms, found 0 plugins.
Preloading 0 native plugins for Editor in 0.00 ms.
Mono: successfully reloaded assembly
- Completed reload, in  1.911 seconds
Platform modules already initialized, skipping
Switching build target platform(24) subTarget(0) extendedPlatform(0) -> platform(13) subTarget(589824) extendedPlatform(0)
Refreshing native plugins compatible for Editor in 0.75 ms, found 0 plugins.
Preloading 0 native plugins for Editor in 0.00 ms.
Unloading 3053 Unused Serialized files (Serialized files now loaded: 0)
System memory in use before: 125.3 MB.
System memory in use after: 125.5 MB.

Unloading 12 unused Assets to reduce memory usage. Loaded Objects now: 3620.
Total: 5.169261 ms (FindLiveObjects: 0.552968 ms CreateObjectMapping: 0.281225 ms MarkObjects: 4.249613 ms  DeleteObjects: 0.083205 ms)

AssetImportParameters requested are different than current active one (requested -> active):
  custom:graphics/normal-map-encoding: 01000000000000000000000000000000 -> 02000000000000000000000000000000
========================================================================
Received Prepare
Registering precompiled user dll's ...
Registered in 0.009745 seconds.
Begin MonoManager ReloadAssembly
Native extension for LinuxStandalone target not found
Refreshing native plugins compatible for Editor in 0.81 ms, found 0 plugins.
Preloading 0 native plugins for Editor in 0.00 ms.
Mono: successfully reloaded assembly
- Completed reload, in  1.702 seconds
Platform modules already initialized, skipping
Switching build target platform(24) subTarget(0) extendedPlatform(0) -> platform(13) subTarget(589824) extendedPlatform(0)
Refreshing native plugins compatible for Editor in 0.81 ms, found 0 plugins.
Preloading 0 native plugins for Editor in 0.00 ms.
Unloading 3053 Unused Serialized files (Serialized files now loaded: 0)
System memory in use before: 125.3 MB.
System memory in use after: 125.5 MB.

Unloading 12 unused Assets to reduce memory usage. Loaded Objects now: 3624.
Total: 5.020460 ms (FindLiveObjects: 0.528620 ms CreateObjectMapping: 0.317910 ms MarkObjects: 4.093581 ms  DeleteObjects: 0.078605 ms)

AssetImportParameters requested are different than current active one (requested -> active):
  custom:graphics/normal-map-encoding: 01000000000000000000000000000000 -> 02000000000000000000000000000000
========================================================================
Received Prepare
Registering precompiled user dll's ...
Registered in 0.003421 seconds.
Begin MonoManager ReloadAssembly
Native extension for LinuxStandalone target not found
Refreshing native plugins compatible for Editor in 0.79 ms, found 0 plugins.
Preloading 0 native plugins for Editor in 0.00 ms.
Mono: successfully reloaded assembly
- Completed reload, in  1.948 seconds
Platform modules already initialized, skipping
Switching build target platform(24) subTarget(0) extendedPlatform(0) -> platform(13) subTarget(589824) extendedPlatform(0)
Refreshing native plugins compatible for Editor in 0.78 ms, found 0 plugins.
Preloading 0 native plugins for Editor in 0.00 ms.
Unloading 3053 Unused Serialized files (Serialized files now loaded: 0)
System memory in use before: 125.3 MB.
System memory in use after: 125.5 MB.

Unloading 12 unused Assets to reduce memory usage. Loaded Objects now: 3628.
Total: 5.049037 ms (FindLiveObjects: 0.469033 ms CreateObjectMapping: 0.299117 ms MarkObjects: 4.197035 ms  DeleteObjects: 0.081686 ms)

AssetImportParameters requested are different than current active one (requested -> active):
  custom:graphics/normal-map-encoding: 01000000000000000000000000000000 -> 02000000000000000000000000000000
========================================================================
Received Prepare
Registering precompiled user dll's ...
Registered in 0.004790 seconds.
Begin MonoManager ReloadAssembly
Native extension for LinuxStandalone target not found
Refreshing native plugins compatible for Editor in 0.75 ms, found 0 plugins.
Preloading 0 native plugins for Editor in 0.00 ms.
Mono: successfully reloaded assembly
- Completed reload, in  2.131 seconds
Platform modules already initialized, skipping
Switching build target platform(24) subTarget(0) extendedPlatform(0) -> platform(13) subTarget(589824) extendedPlatform(0)
Refreshing native plugins compatible for Editor in 1.62 ms, found 0 plugins.
Preloading 0 native plugins for Editor in 0.00 ms.
Unloading 3053 Unused Serialized files (Serialized files now loaded: 0)
System memory in use before: 125.3 MB.
System memory in use after: 125.5 MB.

Unloading 12 unused Assets to reduce memory usage. Loaded Objects now: 3632.
Total: 6.773158 ms (FindLiveObjects: 1.417759 ms CreateObjectMapping: 0.532754 ms MarkObjects: 4.719765 ms  DeleteObjects: 0.100796 ms)

AssetImportParameters requested are different than current active one (requested -> active):
  custom:graphics/normal-map-encoding: 01000000000000000000000000000000 -> 02000000000000000000000000000000
========================================================================
Received Prepare
Registering precompiled user dll's ...
Registered in 0.004215 seconds.
Begin MonoManager ReloadAssembly
Native extension for LinuxStandalone target not found
Refreshing native plugins compatible for Editor in 0.63 ms, found 0 plugins.
Preloading 0 native plugins for Editor in 0.00 ms.
Mono: successfully reloaded assembly
- Completed reload, in  1.540 seconds
Platform modules already initialized, skipping
Switching build target platform(24) subTarget(0) extendedPlatform(0) -> platform(13) subTarget(589824) extendedPlatform(0)
Refreshing native plugins compatible for Editor in 0.74 ms, found 0 plugins.
Preloading 0 native plugins for Editor in 0.00 ms.
Unloading 3053 Unused Serialized files (Serialized files now loaded: 0)
System memory in use before: 125.3 MB.
System memory in use after: 125.5 MB.

Unloading 12 unused Assets to reduce memory usage. Loaded Objects now: 3636.
Total: 5.178283 ms (FindLiveObjects: 0.469376 ms CreateObjectMapping: 0.270937 ms MarkObjects: 4.344657 ms  DeleteObjects: 0.090229 ms)

AssetImportParameters requested are different than current active one (requested -> active):
  custom:graphics/normal-map-encoding: 01000000000000000000000000000000 -> 02000000000000000000000000000000
========================================================================
Received Prepare
Registering precompiled user dll's ...
Registered in 0.010864 seconds.
Begin MonoManager ReloadAssembly
Native extension for LinuxStandalone target not found
Refreshing native plugins compatible for Editor in 0.73 ms, found 0 plugins.
Preloading 0 native plugins for Editor in 0.00 ms.
Mono: successfully reloaded assembly
- Completed reload, in  1.894 seconds
Platform modules already initialized, skipping
Switching build target platform(24) subTarget(0) extendedPlatform(0) -> platform(13) subTarget(589824) extendedPlatform(0)
Refreshing native plugins compatible for Editor in 0.77 ms, found 0 plugins.
Preloading 0 native plugins for Editor in 0.00 ms.
Unloading 3053 Unused Serialized files (Serialized files now loaded: 0)
System memory in use before: 125.3 MB.
System memory in use after: 125.5 MB.

Unloading 12 unused Assets to reduce memory usage. Loaded Objects now: 3640.
Total: 5.809732 ms (FindLiveObjects: 0.525845 ms CreateObjectMapping: 0.284058 ms MarkObjects: 4.692810 ms  DeleteObjects: 0.302684 ms)

AssetImportParameters requested are different than current active one (requested -> active):
  custom:graphics/normal-map-encoding: 01000000000000000000000000000000 -> 02000000000000000000000000000000
========================================================================
Received Import Request.
  Time since last request: 877.353520 seconds.
  path: Assets/ARFreeThrow/Models
  artifactKey: Guid(05a74270b8baf471b8a2fce58c59cfce) Importer(815301076,1909f56bfc062723c751e8b465ee728b)
Start importing Assets/ARFreeThrow/Models using Guid(05a74270b8baf471b8a2fce58c59cfce) Importer(815301076,1909f56bfc062723c751e8b465ee728b)  -> (artifact id: 'cc6e9241d00b9cf71a811df69c912f3b') in 0.009525 seconds 
========================================================================
Received Import Request.
  Time since last request: 1.461963 seconds.
  path: Assets/ARFreeThrow/Models/Hoop
  artifactKey: Guid(b39c6263e17db4f6ca62c7460320a9d7) Importer(815301076,1909f56bfc062723c751e8b465ee728b)
Start importing Assets/ARFreeThrow/Models/Hoop using Guid(b39c6263e17db4f6ca62c7460320a9d7) Importer(815301076,1909f56bfc062723c751e8b465ee728b)  -> (artifact id: 'ce602eff62f7043f50e517945623087c') in 0.002431 seconds 
========================================================================
Received Import Request.
  Time since last request: 0.000313 seconds.
  path: Assets/ARFreeThrow/Models/Hoop/basketball_hoop_diffuse_noAO.jpg
  artifactKey: Guid(68d0bd33aefac41e5978b5c17619fbe8) Importer(815301076,1909f56bfc062723c751e8b465ee728b)
Start importing Assets/ARFreeThrow/Models/Hoop/basketball_hoop_diffuse_noAO.jpg using Guid(68d0bd33aefac41e5978b5c17619fbe8) Importer(815301076,1909f56bfc062723c751e8b465ee728b)  -> (artifact id: '33f3f00778bef23217ff98e64e55b5c1') in 0.374683 seconds 
========================================================================
Received Import Request.
  Time since last request: 0.000700 seconds.
  path: Assets/ARFreeThrow/Models/Hoop/basketball_hoop.obj
  artifactKey: Guid(cc3d5a6fb76ed47a28d166dbc9f28d7c) Importer(815301076,1909f56bfc062723c751e8b465ee728b)
Start importing Assets/ARFreeThrow/Models/Hoop/basketball_hoop.obj using Guid(cc3d5a6fb76ed47a28d166dbc9f28d7c) Importer(815301076,1909f56bfc062723c751e8b465ee728b)  -> (artifact id: '13c2409cf47280a88f5543e9923722da') in 1.084722 seconds 
========================================================================
Received Import Request.
  Time since last request: 0.001047 seconds.
  path: Assets/ARFreeThrow/Models/Hoop/basketball_hoop.FBX
  artifactKey: Guid(1f88d3a054c4d46c59857a75957b3064) Importer(815301076,1909f56bfc062723c751e8b465ee728b)
Start importing Assets/ARFreeThrow/Models/Hoop/basketball_hoop.FBX using Guid(1f88d3a054c4d46c59857a75957b3064) Importer(815301076,1909f56bfc062723c751e8b465ee728b)  -> (artifact id: '3eec05fc3a82635a67f145184b1e1506') in 0.340726 seconds 
========================================================================
Received Import Request.
  Time since last request: 1.506742 seconds.
  path: Assets/ARFreeThrow/Prefabs
  artifactKey: Guid(dcaf6c4679bd94053a4bc2b77598b4c1) Importer(815301076,1909f56bfc062723c751e8b465ee728b)
Start importing Assets/ARFreeThrow/Prefabs using Guid(dcaf6c4679bd94053a4bc2b77598b4c1) Importer(815301076,1909f56bfc062723c751e8b465ee728b)  -> (artifact id: '17becb3dd3f7634c4ccd759ad65e9726') in 0.005321 seconds 
========================================================================
Received Import Request.
  Time since last request: 0.000645 seconds.
  path: Assets/ARFreeThrow/Prefabs/Hoop.prefab
  artifactKey: Guid(143619502791044fdbc02f18fa3d0f62) Importer(815301076,1909f56bfc062723c751e8b465ee728b)
Start importing Assets/ARFreeThrow/Prefabs/Hoop.prefab using Guid(143619502791044fdbc02f18fa3d0f62) Importer(815301076,1909f56bfc062723c751e8b465ee728b)  -> (artifact id: '6846bc8dd3cc27b7e9f19665acbf9490') in 0.121433 seconds 
========================================================================
Received Import Request.
  Time since last request: 0.000571 seconds.
  path: Assets/ARFreeThrow/Prefabs/Ball.prefab
  artifactKey: Guid(f0f44723d76284de39478468bde0d3c6) Importer(815301076,1909f56bfc062723c751e8b465ee728b)
Start importing Assets/ARFreeThrow/Prefabs/Ball.prefab using Guid(f0f44723d76284de39478468bde0d3c6) Importer(815301076,1909f56bfc062723c751e8b465ee728b)  -> (artifact id: '27298909ba2ded98ee99ea60416975da') in 0.264249 seconds 
========================================================================
Received Prepare
Registering precompiled user dll's ...
Registered in 0.003027 seconds.
Begin MonoManager ReloadAssembly
Native extension for LinuxStandalone target not found
Refreshing native plugins compatible for Editor in 0.78 ms, found 0 plugins.
Preloading 0 native plugins for Editor in 0.00 ms.
Mono: successfully reloaded assembly
- Completed reload, in  1.941 seconds
Platform modules already initialized, skipping
Switching build target platform(24) subTarget(0) extendedPlatform(0) -> platform(13) subTarget(589824) extendedPlatform(0)
Refreshing native plugins compatible for Editor in 0.64 ms, found 0 plugins.
Preloading 0 native plugins for Editor in 0.00 ms.
Unloading 3054 Unused Serialized files (Serialized files now loaded: 0)
System memory in use before: 130.4 MB.
System memory in use after: 130.6 MB.

Unloading 12 unused Assets to reduce memory usage. Loaded Objects now: 3704.
Total: 5.415874 ms (FindLiveObjects: 0.562699 ms CreateObjectMapping: 0.284210 ms MarkObjects: 4.478263 ms  DeleteObjects: 0.088996 ms)

AssetImportParameters requested are different than current active one (requested -> active):
  custom:graphics/normal-map-encoding: 01000000000000000000000000000000 -> 02000000000000000000000000000000
========================================================================
Received Import Request.
  Time since last request: 4511.401399 seconds.
  path: Assets/Hoop.prefab
  artifactKey: Guid(3e28fb437f70e672d90da4c7a78e77f5) Importer(815301076,1909f56bfc062723c751e8b465ee728b)
Start importing Assets/Hoop.prefab using Guid(3e28fb437f70e672d90da4c7a78e77f5) Importer(815301076,1909f56bfc062723c751e8b465ee728b)  -> (artifact id: '77630b4b409e8ec2f1b1acc7243435fe') in 0.127287 seconds 
========================================================================
Received Import Request.
  Time since last request: 157.497320 seconds.
  path: Assets/Scenes/GameScene.unity
  artifactKey: Guid(9fc0d4010bbf28b4594072e72b8655ab) Importer(815301076,1909f56bfc062723c751e8b465ee728b)
Start importing Assets/Scenes/GameScene.unity using Guid(9fc0d4010bbf28b4594072e72b8655ab) Importer(815301076,1909f56bfc062723c751e8b465ee728b)  -> (artifact id: 'e5f2d8eccec53b8c1daeaab2f6e0c54d') in 0.003159 seconds 
========================================================================
Received Prepare
Registering precompiled user dll's ...
Registered in 0.002578 seconds.
Begin MonoManager ReloadAssembly
Native extension for LinuxStandalone target not found
Refreshing native plugins compatible for Editor in 1.81 ms, found 0 plugins.
Preloading 0 native plugins for Editor in 0.00 ms.
Mono: successfully reloaded assembly
- Completed reload, in  1.231 seconds
Platform modules already initialized, skipping
Switching build target platform(24) subTarget(0) extendedPlatform(0) -> platform(13) subTarget(589824) extendedPlatform(0)
Refreshing native plugins compatible for Editor in 0.66 ms, found 0 plugins.
Preloading 0 native plugins for Editor in 0.00 ms.
Unloading 3053 Unused Serialized files (Serialized files now loaded: 0)
System memory in use before: 130.4 MB.
System memory in use after: 130.6 MB.

Unloading 12 unused Assets to reduce memory usage. Loaded Objects now: 3709.
Total: 4.127668 ms (FindLiveObjects: 0.388038 ms CreateObjectMapping: 0.207469 ms MarkObjects: 3.439897 ms  DeleteObjects: 0.090716 ms)

AssetImportParameters requested are different than current active one (requested -> active):
  custom:graphics/normal-map-encoding: 01000000000000000000000000000000 -> 02000000000000000000000000000000
========================================================================
Received Prepare
Refreshing native plugins compatible for Editor in 9.65 ms, found 0 plugins.
Preloading 0 native plugins for Editor in 0.00 ms.
Unloading 9 Unused Serialized files (Serialized files now loaded: 0)
System memory in use before: 69.7 MB.
System memory in use after: 70.0 MB.

Unloading 8 unused Assets to reduce memory usage. Loaded Objects now: 3710.
Total: 11.619506 ms (FindLiveObjects: 0.901476 ms CreateObjectMapping: 0.591006 ms MarkObjects: 9.934518 ms  DeleteObjects: 0.187991 ms)

========================================================================
Received Prepare
Registering precompiled user dll's ...
Registered in 0.003132 seconds.
Begin MonoManager ReloadAssembly
Native extension for LinuxStandalone target not found
Refreshing native plugins compatible for Editor in 0.67 ms, found 0 plugins.
Preloading 0 native plugins for Editor in 0.00 ms.
Mono: successfully reloaded assembly
- Completed reload, in  1.600 seconds
Platform modules already initialized, skipping
Switching build target platform(24) subTarget(0) extendedPlatform(0) -> platform(13) subTarget(589824) extendedPlatform(0)
Refreshing native plugins compatible for Editor in 1.03 ms, found 0 plugins.
Preloading 0 native plugins for Editor in 0.00 ms.
Unloading 3052 Unused Serialized files (Serialized files now loaded: 0)
System memory in use before: 130.3 MB.
System memory in use after: 130.5 MB.

Unloading 12 unused Assets to reduce memory usage. Loaded Objects now: 3713.
Total: 4.931552 ms (FindLiveObjects: 0.571887 ms CreateObjectMapping: 0.253970 ms MarkObjects: 4.024635 ms  DeleteObjects: 0.078938 ms)

AssetImportParameters requested are different than current active one (requested -> active):
  custom:graphics/normal-map-encoding: 01000000000000000000000000000000 -> 02000000000000000000000000000000
========================================================================
Received Prepare
Refreshing native plugins compatible for Editor in 7.20 ms, found 0 plugins.
Preloading 0 native plugins for Editor in 0.00 ms.
Unloading 9 Unused Serialized files (Serialized files now loaded: 0)
System memory in use before: 69.8 MB.
System memory in use after: 70.0 MB.

Unloading 8 unused Assets to reduce memory usage. Loaded Objects now: 3714.
Total: 11.353231 ms (FindLiveObjects: 1.029091 ms CreateObjectMapping: 0.509767 ms MarkObjects: 9.616013 ms  DeleteObjects: 0.193725 ms)

========================================================================
Received Prepare
Registering precompiled user dll's ...
Registered in 0.005074 seconds.
Begin MonoManager ReloadAssembly
Native extension for LinuxStandalone target not found
Refreshing native plugins compatible for Editor in 1.09 ms, found 0 plugins.
Preloading 0 native plugins for Editor in 0.00 ms.
Mono: successfully reloaded assembly
- Completed reload, in  1.997 seconds
Platform modules already initialized, skipping
Switching build target platform(24) subTarget(0) extendedPlatform(0) -> platform(13) subTarget(589824) extendedPlatform(0)
Refreshing native plugins compatible for Editor in 1.48 ms, found 0 plugins.
Preloading 0 native plugins for Editor in 0.00 ms.
Unloading 3052 Unused Serialized files (Serialized files now loaded: 0)
System memory in use before: 130.3 MB.
System memory in use after: 130.5 MB.

Unloading 12 unused Assets to reduce memory usage. Loaded Objects now: 3717.
Total: 5.263336 ms (FindLiveObjects: 0.677455 ms CreateObjectMapping: 0.328888 ms MarkObjects: 4.170368 ms  DeleteObjects: 0.082154 ms)

AssetImportParameters requested are different than current active one (requested -> active):
  custom:graphics/normal-map-encoding: 01000000000000000000000000000000 -> 02000000000000000000000000000000
========================================================================
Received Import Request.
  Time since last request: 1858.926411 seconds.
  path: Assets/ARFreeThrow/Materials/Frame.mat
  artifactKey: Guid(a2b21982dc723499c909482a60bc80b8) Importer(815301076,1909f56bfc062723c751e8b465ee728b)
Start importing Assets/ARFreeThrow/Materials/Frame.mat using Guid(a2b21982dc723499c909482a60bc80b8) Importer(815301076,1909f56bfc062723c751e8b465ee728b)  -> (artifact id: '8f354ef14756c405b745c73bb1d0e820') in 0.495092 seconds 
========================================================================
Received Import Request.
  Time since last request: 0.000269 seconds.
  path: Assets/ARFreeThrow/Materials/Outline.mat
  artifactKey: Guid(dcef4b133d1da4e59b26c5989135cc54) Importer(815301076,1909f56bfc062723c751e8b465ee728b)
Start importing Assets/ARFreeThrow/Materials/Outline.mat using Guid(dcef4b133d1da4e59b26c5989135cc54) Importer(815301076,1909f56bfc062723c751e8b465ee728b)  -> (artifact id: 'f0b36dbbed9d70542336163ad54e8bb7') in 0.168723 seconds 
========================================================================
Received Import Request.
  Time since last request: 10.392008 seconds.
  path: Assets/ARFreeThrow/Materials/Plane.mat
  artifactKey: Guid(d42614abeeb2d141da52ee7075502655) Importer(815301076,1909f56bfc062723c751e8b465ee728b)
Start importing Assets/ARFreeThrow/Materials/Plane.mat using Guid(d42614abeeb2d141da52ee7075502655) Importer(815301076,1909f56bfc062723c751e8b465ee728b)  -> (artifact id: '882584382c6e0f5e2a27cca2a0ecaaa2') in 0.140307 seconds 
========================================================================
Received Import Request.
  Time since last request: 84.088954 seconds.
  path: Assets/Resources/Prefab/ARPlane.prefab
  artifactKey: Guid(63bd97b882c3006eb8a140e66d48df33) Importer(815301076,1909f56bfc062723c751e8b465ee728b)
Start importing Assets/Resources/Prefab/ARPlane.prefab using Guid(63bd97b882c3006eb8a140e66d48df33) Importer(815301076,1909f56bfc062723c751e8b465ee728b)  -> (artifact id: '3b41661a73784d300b1b2cc2f4aee980') in 0.038168 seconds 
========================================================================
Received Import Request.
  Time since last request: 99.689981 seconds.
  path: Assets/Hoop.prefab
  artifactKey: Guid(3e28fb437f70e672d90da4c7a78e77f5) Importer(815301076,1909f56bfc062723c751e8b465ee728b)
Start importing Assets/Hoop.prefab using Guid(3e28fb437f70e672d90da4c7a78e77f5) Importer(815301076,1909f56bfc062723c751e8b465ee728b)  -> (artifact id: 'aacb9e854951d5e4ce4b7ecc37f12131') in 0.544371 seconds 
========================================================================
Received Import Request.
  Time since last request: 1.308057 seconds.
  path: Assets/Hoop.prefab
  artifactKey: Guid(3e28fb437f70e672d90da4c7a78e77f5) Importer(815301076,1909f56bfc062723c751e8b465ee728b)
Start importing Assets/Hoop.prefab using Guid(3e28fb437f70e672d90da4c7a78e77f5) Importer(815301076,1909f56bfc062723c751e8b465ee728b)  -> (artifact id: '48a85100ebfe9ee02a9becc3eade56d4') in 0.141012 seconds 
========================================================================
Received Import Request.
  Time since last request: 9.615115 seconds.
  path: Assets/Hoop.prefab
  artifactKey: Guid(3e28fb437f70e672d90da4c7a78e77f5) Importer(815301076,1909f56bfc062723c751e8b465ee728b)
Start importing Assets/Hoop.prefab using Guid(3e28fb437f70e672d90da4c7a78e77f5) Importer(815301076,1909f56bfc062723c751e8b465ee728b)  -> (artifact id: 'b45d87eceeb03644c9c2ba6599a73f09') in 0.222165 seconds 
========================================================================
Received Prepare
Refreshing native plugins compatible for Editor in 4.12 ms, found 0 plugins.
Preloading 0 native plugins for Editor in 0.00 ms.
Unloading 9 Unused Serialized files (Serialized files now loaded: 0)
System memory in use before: 69.9 MB.
System memory in use after: 70.1 MB.

Unloading 8 unused Assets to reduce memory usage. Loaded Objects now: 3719.
Total: 6.952705 ms (FindLiveObjects: 0.604723 ms CreateObjectMapping: 0.302447 ms MarkObjects: 5.944766 ms  DeleteObjects: 0.098668 ms)

========================================================================
Received Import Request.
  Time since last request: 519.018986 seconds.
  path: Assets/ARFreeThrow/Materials/Plane.mat
  artifactKey: Guid(d42614abeeb2d141da52ee7075502655) Importer(815301076,1909f56bfc062723c751e8b465ee728b)
Start importing Assets/ARFreeThrow/Materials/Plane.mat using Guid(d42614abeeb2d141da52ee7075502655) Importer(815301076,1909f56bfc062723c751e8b465ee728b)  -> (artifact id: '52963a415a897ea85ce199a55b165353') in 0.242618 seconds 
========================================================================
Received Import Request.
  Time since last request: 75.243232 seconds.
  path: Assets/Resources/Prefab/ARPlane.prefab
  artifactKey: Guid(63bd97b882c3006eb8a140e66d48df33) Importer(815301076,1909f56bfc062723c751e8b465ee728b)
Start importing Assets/Resources/Prefab/ARPlane.prefab using Guid(63bd97b882c3006eb8a140e66d48df33) Importer(815301076,1909f56bfc062723c751e8b465ee728b)  -> (artifact id: 'ecd2390bba41a65bf9d1dec25396757d') in 0.004328 seconds 
========================================================================
Received Import Request.
  Time since last request: 14.327819 seconds.
  path: Assets/Hoop.prefab
  artifactKey: Guid(3e28fb437f70e672d90da4c7a78e77f5) Importer(815301076,1909f56bfc062723c751e8b465ee728b)
Start importing Assets/Hoop.prefab using Guid(3e28fb437f70e672d90da4c7a78e77f5) Importer(815301076,1909f56bfc062723c751e8b465ee728b)  -> (artifact id: '5a9423c852f1e670c25dc9e5503d61ae') in 0.086673 seconds 
========================================================================
Received Import Request.
  Time since last request: 5.188551 seconds.
  path: Assets/Hoop.prefab
  artifactKey: Guid(3e28fb437f70e672d90da4c7a78e77f5) Importer(815301076,1909f56bfc062723c751e8b465ee728b)
Start importing Assets/Hoop.prefab using Guid(3e28fb437f70e672d90da4c7a78e77f5) Importer(815301076,1909f56bfc062723c751e8b465ee728b)  -> (artifact id: '5690e2f1c0ebf8beb04107201306635b') in 0.013501 seconds 
========================================================================
Received Import Request.
  Time since last request: 7.362566 seconds.
  path: Assets/Hoop.prefab
  artifactKey: Guid(3e28fb437f70e672d90da4c7a78e77f5) Importer(815301076,1909f56bfc062723c751e8b465ee728b)
Start importing Assets/Hoop.prefab using Guid(3e28fb437f70e672d90da4c7a78e77f5) Importer(815301076,1909f56bfc062723c751e8b465ee728b)  -> (artifact id: '1e3248ce939abec6a9ef73fb3dfa8aff') in 0.050477 seconds 
========================================================================
Received Import Request.
  Time since last request: 8.029744 seconds.
  path: Assets/Hoop.prefab
  artifactKey: Guid(3e28fb437f70e672d90da4c7a78e77f5) Importer(815301076,1909f56bfc062723c751e8b465ee728b)
Start importing Assets/Hoop.prefab using Guid(3e28fb437f70e672d90da4c7a78e77f5) Importer(815301076,1909f56bfc062723c751e8b465ee728b)  -> (artifact id: '8995d98440914a6959d266563550e263') in 0.014573 seconds 
========================================================================
Received Import Request.
  Time since last request: 9.960722 seconds.
  path: Assets/Hoop.prefab
  artifactKey: Guid(3e28fb437f70e672d90da4c7a78e77f5) Importer(815301076,1909f56bfc062723c751e8b465ee728b)
Start importing Assets/Hoop.prefab using Guid(3e28fb437f70e672d90da4c7a78e77f5) Importer(815301076,1909f56bfc062723c751e8b465ee728b)  -> (artifact id: '7b84d3a99e37241c9d110028ea356500') in 0.012397 seconds 
========================================================================
Received Prepare
Refreshing native plugins compatible for Editor in 2.81 ms, found 0 plugins.
Preloading 0 native plugins for Editor in 0.00 ms.
Unloading 8 Unused Serialized files (Serialized files now loaded: 0)
System memory in use before: 69.8 MB.
System memory in use after: 70.0 MB.

Unloading 8 unused Assets to reduce memory usage. Loaded Objects now: 3719.
Total: 4.802243 ms (FindLiveObjects: 0.517484 ms CreateObjectMapping: 0.214458 ms MarkObjects: 3.997727 ms  DeleteObjects: 0.071255 ms)

AssetImportWorkerClient::OnTransportError - code=2 error=End of file
